[2026-01-02 09:49:21] TO: anita@test.com | SUBJECT: Welcome to EduCRM
BODY:
Dear Anita Rai,

Your account has been created successfully.
Here are your login credentials:

Email: anita@test.com
Password: MQ@P8%kk_76(

Please login at: http://localhost/CRM/login.php
Thank you,
EduCRM Team
---------------------------------------------------
[2026-01-05 05:27:38] TO: fsdf@fsdaf.com | SUBJECT: Welcome to EduCRM
BODY:
Dear tesst,

Your account has been created successfully.
Here are your login credentials:

Email: fsdf@fsdaf.com
Password: !=#&2HOxTI4q

Please login at: http://localhost/CRM/login.php
Thank you,
EduCRM Team
---------------------------------------------------
[2026-01-05 09:12:12] TO: sarah.johnson@gmail.com | SUBJECT: Welcome to EduCRM
BODY:
Dear Sarah Johnson,

Your account has been created successfully.
Here are your login credentials:

Email: sarah.johnson@gmail.com
Password: xg1ba9XH(CB4

Please login at: http://localhost/CRM/login.php
Thank you,
EduCRM Team
---------------------------------------------------
[2026-01-05 11:44:09] TO: sdfasd@efdsf | SUBJECT: Welcome to EduCRM
BODY:
Dear xxx,

Your account has been created successfully.
Here are your login credentials:

Email: sdfasd@efdsf
Password: p!=D&mG-gjuu

Please login at: http://localhost/CRM/login.php
Thank you,
EduCRM Team
---------------------------------------------------
[2026-01-06 07:29:46] TO: student1@test.com | SUBJECT: Welcome to EduCRM
BODY:
Dear Test Student 1,

Your account has been created successfully.
Here are your login credentials:

Email: student1@test.com
Password: DwG_jCkCb2_g

Please login at: http://localhost/CRM/login.php
Thank you,
EduCRM Team
---------------------------------------------------
[2026-01-06 07:30:30] TO: student2@test.com | SUBJECT: Welcome to EduCRM
BODY:
Dear Test Student 2,

Your account has been created successfully.
Here are your login credentials:

Email: student2@test.com
Password: q5R!uQzURT(1

Please login at: http://localhost/CRM/login.php
Thank you,
EduCRM Team
---------------------------------------------------
